gaialibrary/build/intermediates/manifest_merge_blame_file/debug/manifest-merger-blame-debug-report.txt
1<?xml version="1.0" encoding="utf-8"?>
2<!--
3~~~~~~~~~~~~~~~~~~~~~~~~~~~~~~~~~~~~~~~~~~~~~~~~~~~~~~~~~~~~~~~~~~~~~~~~~~~~~~~~~~~~~~~~~~~~~~~
4  ~ Copyright 2018 Qualcomm Technologies International, Ltd.                                      ~
5  ~~~~~~~~~~~~~~~~~~~~~~~~~~~~~~~~~~~~~~~~~~~~~~~~~~~~~~~~~~~~~~~~~~~~~~~~~~~~~~~~~~~~~~~~~~~~~~~
6-->
7<manifest xmlns:android="http://schemas.android.com/apk/res/android"
8    package="com.qualcomm.qti.libraries.gaia"
9    android:versionCode="2"
10    android:versionName="3.2.2.2" >
11
12    <uses-sdk
13        android:minSdkVersion="21"
13-->src/main/AndroidManifest.xml
14        android:targetSdkVersion="29" />
14-->src/main/AndroidManifest.xml
15
16    <application android:label="@string/app_name" >
16-->src/main/AndroidManifest.xml:8:5-11:19
16-->src/main/AndroidManifest.xml:9:9-41
17    </application>
18
19</manifest>